Watching for file changes with StatReloader
"GET / HTTP/1.1" 200 0
Watching for file changes with StatReloader
"GET /about HTTP/1.1" 301 0
"GET /about/ HTTP/1.1" 200 5
Watching for file changes with StatReloader
"GET / HTTP/1.1" 200 0
"GET / HTTP/1.1" 200 0
D:\GeekBrains\Framework_Django\Frame_Django\HW_project\HW_project\HW_project\settings.py changed, reloading.
Watching for file changes with StatReloader
D:\GeekBrains\Framework_Django\Frame_Django\HW_project\HW_project\HW_project\settings.py changed, reloading.
Watching for file changes with StatReloader
Watching for file changes with StatReloader
"GET / HTTP/1.1" 200 0
D:\GeekBrains\Framework_Django\Frame_Django\HW_project\HW_project\hwapp\views.py changed, reloading.
Watching for file changes with StatReloader
"GET / HTTP/1.1" 200 9
D:\GeekBrains\Framework_Django\Frame_Django\HW_project\HW_project\hwapp\views.py changed, reloading.
Watching for file changes with StatReloader
"GET / HTTP/1.1" 200 9
Watching for file changes with StatReloader
Internal Server Error: /
Traceback (most recent call last):
  File "D:\GeekBrains\Framework_Django\Frame_Django\.venv\Lib\site-packages\django\core\handlers\exception.py", line 55, in inner
    response = get_response(request)
               ^^^^^^^^^^^^^^^^^^^^^
  File "D:\GeekBrains\Framework_Django\Frame_Django\.venv\Lib\site-packages\django\core\handlers\base.py", line 197, in _get_response
    response = wrapped_callback(request, *callback_args, **callback_kwargs)
               ^^^^^^^^^^^^^^^^^^^^^^^^^^^^^^^^^^^^^^^^^^^^^^^^^^^^^^^^^^^^
  File "D:\GeekBrains\Framework_Django\Frame_Django\HW_project\HW_project\hwapp\views.py", line 6, in index
    return render(request, '/templates/home.html')
           ^^^^^^^^^^^^^^^^^^^^^^^^^^^^^^^^^^^^^^^
  File "D:\GeekBrains\Framework_Django\Frame_Django\.venv\Lib\site-packages\django\shortcuts.py", line 25, in render
    content = loader.render_to_string(template_name, context, request, using=using)
              ^^^^^^^^^^^^^^^^^^^^^^^^^^^^^^^^^^^^^^^^^^^^^^^^^^^^^^^^^^^^^^^^^^^^^
  File "D:\GeekBrains\Framework_Django\Frame_Django\.venv\Lib\site-packages\django\template\loader.py", line 61, in render_to_string
    template = get_template(template_name, using=using)
               ^^^^^^^^^^^^^^^^^^^^^^^^^^^^^^^^^^^^^^^^
  File "D:\GeekBrains\Framework_Django\Frame_Django\.venv\Lib\site-packages\django\template\loader.py", line 19, in get_template
    raise TemplateDoesNotExist(template_name, chain=chain)
django.template.exceptions.TemplateDoesNotExist: /templates/home.html
"GET / HTTP/1.1" 500 81338
Internal Server Error: /
Traceback (most recent call last):
  File "D:\GeekBrains\Framework_Django\Frame_Django\.venv\Lib\site-packages\django\core\handlers\exception.py", line 55, in inner
    response = get_response(request)
               ^^^^^^^^^^^^^^^^^^^^^
  File "D:\GeekBrains\Framework_Django\Frame_Django\.venv\Lib\site-packages\django\core\handlers\base.py", line 197, in _get_response
    response = wrapped_callback(request, *callback_args, **callback_kwargs)
               ^^^^^^^^^^^^^^^^^^^^^^^^^^^^^^^^^^^^^^^^^^^^^^^^^^^^^^^^^^^^
  File "D:\GeekBrains\Framework_Django\Frame_Django\HW_project\HW_project\hwapp\views.py", line 6, in index
    return render(request, '/templates/home.html')
           ^^^^^^^^^^^^^^^^^^^^^^^^^^^^^^^^^^^^^^^
  File "D:\GeekBrains\Framework_Django\Frame_Django\.venv\Lib\site-packages\django\shortcuts.py", line 25, in render
    content = loader.render_to_string(template_name, context, request, using=using)
              ^^^^^^^^^^^^^^^^^^^^^^^^^^^^^^^^^^^^^^^^^^^^^^^^^^^^^^^^^^^^^^^^^^^^^
  File "D:\GeekBrains\Framework_Django\Frame_Django\.venv\Lib\site-packages\django\template\loader.py", line 61, in render_to_string
    template = get_template(template_name, using=using)
               ^^^^^^^^^^^^^^^^^^^^^^^^^^^^^^^^^^^^^^^^
  File "D:\GeekBrains\Framework_Django\Frame_Django\.venv\Lib\site-packages\django\template\loader.py", line 19, in get_template
    raise TemplateDoesNotExist(template_name, chain=chain)
django.template.exceptions.TemplateDoesNotExist: /templates/home.html
"GET / HTTP/1.1" 500 81338
Internal Server Error: /
Traceback (most recent call last):
  File "D:\GeekBrains\Framework_Django\Frame_Django\.venv\Lib\site-packages\django\core\handlers\exception.py", line 55, in inner
    response = get_response(request)
               ^^^^^^^^^^^^^^^^^^^^^
  File "D:\GeekBrains\Framework_Django\Frame_Django\.venv\Lib\site-packages\django\core\handlers\base.py", line 197, in _get_response
    response = wrapped_callback(request, *callback_args, **callback_kwargs)
               ^^^^^^^^^^^^^^^^^^^^^^^^^^^^^^^^^^^^^^^^^^^^^^^^^^^^^^^^^^^^
  File "D:\GeekBrains\Framework_Django\Frame_Django\HW_project\HW_project\hwapp\views.py", line 6, in index
    return render(request, 'home.html')
           ^^^^^^^^^^^^^^^^^^^^^^^^^^^^^
  File "D:\GeekBrains\Framework_Django\Frame_Django\.venv\Lib\site-packages\django\shortcuts.py", line 25, in render
    content = loader.render_to_string(template_name, context, request, using=using)
              ^^^^^^^^^^^^^^^^^^^^^^^^^^^^^^^^^^^^^^^^^^^^^^^^^^^^^^^^^^^^^^^^^^^^^
  File "D:\GeekBrains\Framework_Django\Frame_Django\.venv\Lib\site-packages\django\template\loader.py", line 61, in render_to_string
    template = get_template(template_name, using=using)
               ^^^^^^^^^^^^^^^^^^^^^^^^^^^^^^^^^^^^^^^^
  File "D:\GeekBrains\Framework_Django\Frame_Django\.venv\Lib\site-packages\django\template\loader.py", line 19, in get_template
    raise TemplateDoesNotExist(template_name, chain=chain)
django.template.exceptions.TemplateDoesNotExist: /templates/home.html
"GET / HTTP/1.1" 500 81316
D:\GeekBrains\Framework_Django\Frame_Django\HW_project\HW_project\hwapp\views.py changed, reloading.
Watching for file changes with StatReloader
Internal Server Error: /
Traceback (most recent call last):
  File "D:\GeekBrains\Framework_Django\Frame_Django\.venv\Lib\site-packages\django\core\handlers\exception.py", line 55, in inner
    response = get_response(request)
               ^^^^^^^^^^^^^^^^^^^^^
  File "D:\GeekBrains\Framework_Django\Frame_Django\.venv\Lib\site-packages\django\core\handlers\base.py", line 197, in _get_response
    response = wrapped_callback(request, *callback_args, **callback_kwargs)
               ^^^^^^^^^^^^^^^^^^^^^^^^^^^^^^^^^^^^^^^^^^^^^^^^^^^^^^^^^^^^
  File "D:\GeekBrains\Framework_Django\Frame_Django\HW_project\HW_project\hwapp\views.py", line 6, in index
    return render(request, 'home.html')
           ^^^^^^^^^^^^^^^^^^^^^^^^^^^^
  File "D:\GeekBrains\Framework_Django\Frame_Django\.venv\Lib\site-packages\django\shortcuts.py", line 25, in render
    content = loader.render_to_string(template_name, context, request, using=using)
              ^^^^^^^^^^^^^^^^^^^^^^^^^^^^^^^^^^^^^^^^^^^^^^^^^^^^^^^^^^^^^^^^^^^^^
  File "D:\GeekBrains\Framework_Django\Frame_Django\.venv\Lib\site-packages\django\template\loader.py", line 61, in render_to_string
    template = get_template(template_name, using=using)
               ^^^^^^^^^^^^^^^^^^^^^^^^^^^^^^^^^^^^^^^^
  File "D:\GeekBrains\Framework_Django\Frame_Django\.venv\Lib\site-packages\django\template\loader.py", line 19, in get_template
    raise TemplateDoesNotExist(template_name, chain=chain)
django.template.exceptions.TemplateDoesNotExist: home.html
"GET / HTTP/1.1" 500 81952
D:\GeekBrains\Framework_Django\Frame_Django\HW_project\HW_project\hwapp\views.py changed, reloading.
Watching for file changes with StatReloader
"GET / HTTP/1.1" 200 144
D:\GeekBrains\Framework_Django\Frame_Django\HW_project\HW_project\hwapp\views.py changed, reloading.
Watching for file changes with StatReloader
"GET / HTTP/1.1" 200 148
